#
# There is insufficient memory for the Java Runtime Environment to continue.
# Native memory allocation (mmap) failed to map 132120576 bytes for G1 virtual space
# Possible reasons:
#   The system is out of physical RAM or swap space
#   The process is running with CompressedOops enabled, and the Java Heap may be blocking the growth of the native heap
# Possible solutions:
#   Reduce memory load on the system
#   Increase physical memory or swap space
#   Check if swap backing store is full
#   Decrease Java heap size (-Xmx/-Xms)
#   Decrease number of Java threads
#   Decrease Java thread stack sizes (-Xss)
#   Set larger code cache with -XX:ReservedCodeCacheSize=
#   JVM is running with Unscaled Compressed Oops mode in which the Java heap is
#     placed in the first 4GB address space. The Java Heap base address is the
#     maximum limit for the native heap growth. Please use -XX:HeapBaseMinAddress
#     to set the Java Heap base and to place the Java Heap above 4GB virtual address.
# This output file may be truncated or incomplete.
#
#  Out of Memory Error (os_windows.cpp:3600), pid=5568, tid=6204
#
# JRE version:  (21.0.1+12) (build )
# Java VM: OpenJDK 64-Bit Server VM (21.0.1+12-29, mixed mode, sharing, tiered, compressed oops, compressed class ptrs, g1 gc, windows-amd64)
# No core dump will be written. Minidumps are not enabled by default on client versions of Windows
#

---------------  S U M M A R Y ------------

Command Line: -javaagent:C:\IntelliJ IDEA Community Edition 2024.1.2\lib\idea_rt.jar=50341:C:\IntelliJ IDEA Community Edition 2024.1.2\bin -Dfile.encoding=UTF-8 -Dsun.stdout.encoding=UTF-8 -Dsun.stderr.encoding=UTF-8 Main

Host: Intel(R) Core(TM) i5-1035G1 CPU @ 1.00GHz, 8 cores, 7G,  Windows 11 , 64 bit Build 22621 (10.0.22621.3958)
Time: Sat Sep 14 23:35:27 2024 Bangladesh Standard Time elapsed time: 0.019182 seconds (0d 0h 0m 0s)

---------------  T H R E A D  ---------------

Current thread (0x00000208ff8589a0):  JavaThread "Unknown thread" [_thread_in_vm, id=6204, stack(0x000000b8e8a00000,0x000000b8e8b00000) (1024K)]

Stack: [0x000000b8e8a00000,0x000000b8e8b00000]
Native frames: (J=compiled Java code, j=interpreted, Vv=VM code, C=native code)
V  [jvm.dll+0x6c9029]
V  [jvm.dll+0x854b81]
V  [jvm.dll+0x856e5e]
V  [jvm.dll+0x857543]
V  [jvm.dll+0x280c06]
V  [jvm.dll+0x6c5715]
V  [jvm.dll+0x6ba10a]
V  [jvm.dll+0x3557ea]
V  [jvm.dll+0x35d436]
V  [jvm.dll+0x3ae1be]
V  [jvm.dll+0x3ae468]
V  [jvm.dll+0x3291fc]
V  [jvm.dll+0x329d8b]
V  [jvm.dll+0x81d179]
V  [jvm.dll+0x3bb4f1]
V  [jvm.dll+0x805ae8]
V  [jvm.dll+0x44effe]
V  [jvm.dll+0x450901]
C  [jli.dll+0x52a3]
C  [ucrtbase.dll+0x29333]
C  [KERNEL32.DLL+0x1257d]
C  [ntdll.dll+0x5af28]


---------------  P R O C E S S  ---------------

Threads class SMR info:
_java_thread_list=0x00007ffa29e09b88, length=0, elements={
}

Java Threads: ( => current thread )
Total: 0

Other Threads:
  0x00000208ff8aec60 WorkerThread "GC Thread#0"                     [id=12044, stack(0x000000b8e8b00000,0x000000b8e8c00000) (1024K)]
  0x00000208ff8bf730 ConcurrentGCThread "G1 Main Marker"            [id=3380, stack(0x000000b8e8c00000,0x000000b8e8d00000) (1024K)]
  0x00000208ff8c1240 WorkerThread "G1 Conc#0"                       [id=9976, stack(0x000000b8e8d00000,0x000000b8e8e00000) (1024K)]

[error occurred during error reporting (printing all threads), id 0xc0000005, EXCEPTION_ACCESS_VIOLATION (0xc0000005) at pc=0x00007ffa2957c2c7]
VM state: not at safepoint (not fully initialized)

VM Mutex/Monitor currently owned by a thread:  ([mutex/lock_event])
[0x00007ffa29e7a6f8] Heap_lock - owner thread: 0x00000208ff8589a0

Heap address: 0x0000000083600000, size: 1994 MB, Compressed Oops mode: 32-bit

CDS archive(s) mapped at: [0x0000000000000000-0x0000000000000000-0x0000000000000000), size 0, SharedBaseAddress: 0x0000000800000000, ArchiveRelocationMode: 1.
Narrow klass base: 0x0000000000000000, Narrow klass shift: 0, Narrow klass range: 0x0

GC Precious Log:
 CardTable entry size: 512
 Card Set container configuration: InlinePtr #cards 5 size 8 Array Of Cards #cards 12 size 40 Howl #buckets 4 coarsen threshold 1843 Howl Bitmap #cards 512 size 80 coarsen threshold 460 Card regions per heap region 1 cards per card region 2048

Heap:
 garbage-first heap   total 0K, used 0K [0x0000000083600000, 0x0000000100000000)
  region size 1024K, 0 young (0K), 0 survivors (0K)

[error occurred during error reporting (printing heap information), id 0xc0000005, EXCEPTION_ACCESS_VIOLATION (0xc0000005) at pc=0x00007ffa29961be9]
GC Heap History (0 events):
No events

Dll operation events (1 events):
Event: 0.014 Loaded shared library C:\Users\Administrator\.jdks\openjdk-21.0.1\bin\java.dll

Deoptimization events (0 events):
No events

Classes loaded (0 events):
No events

Classes unloaded (0 events):
No events

Classes redefined (0 events):
No events

Internal exceptions (0 events):
No events

ZGC Phase Switch (0 events):
No events

VM Operations (0 events):
No events

Events (0 events):
No events


Dynamic libraries:
0x00007ff7fa220000 - 0x00007ff7fa22e000 	C:\Users\Administrator\.jdks\openjdk-21.0.1\bin\java.exe
0x00007ffa6aa10000 - 0x00007ffa6ac27000 	C:\WINDOWS\SYSTEM32\ntdll.dll
0x00007ffa69ab0000 - 0x00007ffa69b74000 	C:\WINDOWS\System32\KERNEL32.DLL
0x00007ffa681f0000 - 0x00007ffa6859d000 	C:\WINDOWS\System32\KERNELBASE.dll
0x00007ffa62c50000 - 0x00007ffa62ce7000 	C:\WINDOWS\SYSTEM32\apphelp.dll
0x00007ffa67db0000 - 0x00007ffa67ec1000 	C:\WINDOWS\System32\ucrtbase.dll
0x00007ffa50360000 - 0x00007ffa5037b000 	C:\Users\Administrator\.jdks\openjdk-21.0.1\bin\VCRUNTIME140.dll
0x00007ffa50450000 - 0x00007ffa50468000 	C:\Users\Administrator\.jdks\openjdk-21.0.1\bin\jli.dll
0x00007ffa69800000 - 0x00007ffa699ae000 	C:\WINDOWS\System32\USER32.dll
0x00007ffa507c0000 - 0x00007ffa50a53000 	C:\WINDOWS\WinSxS\amd64_microsoft.windows.common-controls_6595b64144ccf1df_6.0.22621.3672_none_2713b9d173822955\COMCTL32.dll
0x00007ffa67f90000 - 0x00007ffa67fb6000 	C:\WINDOWS\System32\win32u.dll
0x00007ffa68c50000 - 0x00007ffa68cf7000 	C:\WINDOWS\System32\msvcrt.dll
0x00007ffa68740000 - 0x00007ffa68769000 	C:\WINDOWS\System32\GDI32.dll
0x00007ffa680d0000 - 0x00007ffa681e9000 	C:\WINDOWS\System32\gdi32full.dll
0x00007ffa67fc0000 - 0x00007ffa6805a000 	C:\WINDOWS\System32\msvcp_win.dll
0x00007ffa68a00000 - 0x00007ffa68a31000 	C:\WINDOWS\System32\IMM32.DLL
0x00007ffa5fb60000 - 0x00007ffa5fb6c000 	C:\Users\Administrator\.jdks\openjdk-21.0.1\bin\vcruntime140_1.dll
0x00007ffa43670000 - 0x00007ffa436fe000 	C:\Users\Administrator\.jdks\openjdk-21.0.1\bin\msvcp140.dll
0x00007ffa29240000 - 0x00007ffa29f55000 	C:\Users\Administrator\.jdks\openjdk-21.0.1\bin\server\jvm.dll
0x00007ffa6a700000 - 0x00007ffa6a7b2000 	C:\WINDOWS\System32\ADVAPI32.dll
0x00007ffa6a3f0000 - 0x00007ffa6a499000 	C:\WINDOWS\System32\sechost.dll
0x00007ffa685a0000 - 0x00007ffa685c8000 	C:\WINDOWS\System32\bcrypt.dll
0x00007ffa6a5e0000 - 0x00007ffa6a6f4000 	C:\WINDOWS\System32\RPCRT4.dll
0x00007ffa6a810000 - 0x00007ffa6a881000 	C:\WINDOWS\System32\WS2_32.dll
0x00007ffa67c00000 - 0x00007ffa67c4d000 	C:\WINDOWS\SYSTEM32\POWRPROF.dll
0x00007ffa62d60000 - 0x00007ffa62d94000 	C:\WINDOWS\SYSTEM32\WINMM.dll
0x00007ffa5fd00000 - 0x00007ffa5fd0a000 	C:\WINDOWS\SYSTEM32\VERSION.dll
0x00007ffa67be0000 - 0x00007ffa67bf3000 	C:\WINDOWS\SYSTEM32\UMPDC.dll
0x00007ffa66d80000 - 0x00007ffa66d98000 	C:\WINDOWS\SYSTEM32\kernel.appcore.dll
0x00007ffa5f800000 - 0x00007ffa5f80a000 	C:\Users\Administrator\.jdks\openjdk-21.0.1\bin\jimage.dll
0x00007ffa65680000 - 0x00007ffa658b2000 	C:\WINDOWS\SYSTEM32\DBGHELP.DLL
0x00007ffa68ec0000 - 0x00007ffa6924e000 	C:\WINDOWS\System32\combase.dll
0x00007ffa6a8f0000 - 0x00007ffa6a9c7000 	C:\WINDOWS\System32\OLEAUT32.dll
0x00007ffa4b440000 - 0x00007ffa4b472000 	C:\WINDOWS\SYSTEM32\dbgcore.DLL
0x00007ffa67d30000 - 0x00007ffa67dab000 	C:\WINDOWS\System32\bcryptPrimitives.dll
0x00007ffa5f1e0000 - 0x00007ffa5f1ef000 	C:\Users\Administrator\.jdks\openjdk-21.0.1\bin\instrument.dll
0x00007ffa50010000 - 0x00007ffa5002f000 	C:\Users\Administrator\.jdks\openjdk-21.0.1\bin\java.dll

dbghelp: loaded successfully - version: 4.0.5 - missing functions: none
symbol engine: initialized successfully - sym options: 0x614 - pdb path: .;C:\Users\Administrator\.jdks\openjdk-21.0.1\bin;C:\WINDOWS\SYSTEM32;C:\WINDOWS\WinSxS\amd64_microsoft.windows.common-controls_6595b64144ccf1df_6.0.22621.3672_none_2713b9d173822955;C:\Users\Administrator\.jdks\openjdk-21.0.1\bin\server

VM Arguments:
jvm_args: -javaagent:C:\IntelliJ IDEA Community Edition 2024.1.2\lib\idea_rt.jar=50341:C:\IntelliJ IDEA Community Edition 2024.1.2\bin -Dfile.encoding=UTF-8 -Dsun.stdout.encoding=UTF-8 -Dsun.stderr.encoding=UTF-8 
java_command: Main
java_class_path (initial): C:\Users\Administrator\Desktop\MyFiles\3-1\Design Pattern\210042125_DP_Lab_Task1\out\production\210042125_DP_Lab1
Launcher Type: SUN_STANDARD

[Global flags]
     intx CICompilerCount                          = 4                                         {product} {ergonomic}
     uint ConcGCThreads                            = 2                                         {product} {ergonomic}
     uint G1ConcRefinementThreads                  = 8                                         {product} {ergonomic}
   size_t G1HeapRegionSize                         = 1048576                                   {product} {ergonomic}
    uintx GCDrainStackTargetSize                   = 64                                        {product} {ergonomic}
   size_t InitialHeapSize                          = 132120576                                 {product} {ergonomic}
   size_t MarkStackSize                            = 4194304                                   {product} {ergonomic}
   size_t MaxHeapSize                              = 2090860544                                {product} {ergonomic}
   size_t MinHeapDeltaBytes                        = 1048576                                   {product} {ergonomic}
   size_t MinHeapSize                              = 8388608                                   {product} {ergonomic}
    uintx NonNMethodCodeHeapSize                   = 5839372                                {pd product} {ergonomic}
    uintx NonProfiledCodeHeapSize                  = 122909434                              {pd product} {ergonomic}
    uintx ProfiledCodeHeapSize                     = 122909434                              {pd product} {ergonomic}
    uintx ReservedCodeCacheSize                    = 251658240                              {pd product} {ergonomic}
     bool SegmentedCodeCache                       = true                                      {product} {ergonomic}
   size_t SoftMaxHeapSize                          = 2090860544                             {manageable} {ergonomic}
     bool UseCompressedOops                        = true                           {product lp64_product} {ergonomic}
     bool UseG1GC                                  = true                                      {product} {ergonomic}
     bool UseLargePagesIndividualAllocation        = false                                  {pd product} {ergonomic}

Logging:
Log output configuration:
 #0: stdout all=warning uptime,level,tags foldmultilines=false
 #1: stderr all=off uptime,level,tags foldmultilines=false

Environment Variables:
PATH=D:\app\oracle\product\11.2.0\server\bin;C:\Windows\system32;C:\Windows;C:\Windows\System32\Wbem;C:\Program Files\nodejs;C:\ProgramData\chocolatey\bin;C:\MinGW\bin;C:\msys64\ucrt64\bin;C:\WINDOWS\system32;C:\WINDOWS;C:\WINDOWS\System32\Wbem;C:\WINDOWS\System32\WindowsPowerShell\v1.0\;C:\WINDOWS\System32\OpenSSH\;C:\Users\Administrator\AppData\Roaming\Microsoft\Windows\Start Menu\Programs\Windows PowerShell;C:\Program Files\Git\cmd;C:\Program Files\Git\mingw64\bin\git_filter_repo.py;D:\Projects\git-filter-repo-main\git_filter_repo.py;C:\Users\Administrator\Desktop\MyProjects\HowsLife\git-filter-repo.txt;C:\Program Files\CMake\bin;C:\ProgramData\chocolatey\lib\cmake;C:\Users\Administrator\AppData\Local\Programs\Python\Python312\Scripts\;C:\Users\Administrator\AppData\Local\Programs\Python\Python312\;C:\Windows\system32;C:\Windows;C:\Windows\System32\Wbem;C:\MinGW\bin;C:\msys64\ucrt64\bin;C:\Users\Administrator\AppData\Local\Programs\Microsoft VS Code\bin;C:\Users\Administrator\AppData\Local\Microsoft\WindowsApps;C:\Users\Administrator\AppData\Local\Programs\mongosh\;C:\Users\Administrator\AppData\Roaming\Microsoft\Windows\Start Menu\Programs\Windows PowerShell;D:\IntelliJ IDEA Community Edition 2024.1.2\bin;;C:\Users\Administrator\Desktop\MyProjects\HowsLife\git_filter_repo.py;C:\Program Files\Git\mingw64\bin\git_filter_repo.py;D:\Projects\git-filter-repo-main\git_filter_repo.py;C:\Users\Administrator\Desktop\MyProjects\HowsLife\git-filter-repo.txt;D:\PyCharm Community Edition 2024.1.4\bin;;C:\ProgramData\chocolatey\lib\cmake;
USERNAME=Administrator
OS=Windows_NT
PROCESSOR_IDENTIFIER=Intel64 Family 6 Model 126 Stepping 5, GenuineIntel
TMP=C:\Users\ADMINI~1\AppData\Local\Temp
TEMP=C:\Users\ADMINI~1\AppData\Local\Temp




Periodic native trim disabled

---------------  S Y S T E M  ---------------

OS:
 Windows 11 , 64 bit Build 22621 (10.0.22621.3958)
OS uptime: 0 days 0:33 hours

CPU: total 8 (initial active 8) (4 cores per cpu, 2 threads per core) family 6 model 126 stepping 5 microcode 0x86, cx8, cmov, fxsr, ht, mmx, 3dnowpref, sse, sse2, sse3, ssse3, sse4.1, sse4.2, popcnt, lzcnt, tsc, tscinvbit, avx, avx2, aes, erms, clmul, bmi1, bmi2, adx, avx512f, avx512dq, avx512cd, avx512bw, avx512vl, sha, fma, vzeroupper, avx512_vpopcntdq, avx512_vpclmulqdq, avx512_vaes, avx512_vnni, clflush, clflushopt, avx512_vbmi2, avx512_vbmi, rdtscp, rdpid, fsrm, gfni, avx512_bitalg, f16c, pku, avx512_ifma
Processor Information for all 8 processors :
  Max Mhz: 1190, Current Mhz: 991, Mhz Limit: 987

Memory: 4k page, system-wide physical 7973M (1197M free)
TotalPageFile size 7973M (AvailPageFile size 33M)
current process WorkingSet (physical memory assigned to process): 12M, peak: 12M
current process commit charge ("private bytes"): 60M, peak: 186M

vm_info: OpenJDK 64-Bit Server VM (21.0.1+12-29) for windows-amd64 JRE (21.0.1+12-29), built on 2023-10-05T13:27:09Z by "mach5one" with MS VC++ 17.1 (VS2022)

END.
